* ******************************************************************************

* iCEcube Placer

* Version:            2020.12.27943

* Build Date:         Dec 10 2020 17:35:50

* File Generated:     Apr 19 2021 09:41:35

* Purpose:            

* Copyright (C) 2006-2010 by Lattice Semiconductor Corp. All rights reserved.

* ******************************************************************************

Executing : /home/tony/lscc/iCEcube2.2020.12/sbt_backend/bin/linux/opt/sbtplacer --des-lib /home/tony/Projects/UFO/HW/Electronics/FW/UFO/UFO_Implmnt/sbt/netlist/oadb-test --outdir /home/tony/Projects/UFO/HW/Electronics/FW/UFO/UFO_Implmnt/sbt/outputs/placer --device-file /home/tony/lscc/iCEcube2.2020.12/sbt_backend/devices/ICE40P08.dev --package BG121 --deviceMarketName iCE40HX8K --sdc-file /home/tony/Projects/UFO/HW/Electronics/FW/UFO/UFO_Implmnt/sbt/Temp/sbt_temp.sdc --lib-file /home/tony/lscc/iCEcube2.2020.12/sbt_backend/devices/ice40HX8K.lib --effort_level std --out-sdc-file /home/tony/Projects/UFO/HW/Electronics/FW/UFO/UFO_Implmnt/sbt/outputs/placer/test_pl.sdc
I2004: Option and Settings Summary
=============================================================
Device file          - /home/tony/lscc/iCEcube2.2020.12/sbt_backend/devices/ICE40P08.dev
Package              - BG121
Design database      - /home/tony/Projects/UFO/HW/Electronics/FW/UFO/UFO_Implmnt/sbt/netlist/oadb-test
SDC file             - /home/tony/Projects/UFO/HW/Electronics/FW/UFO/UFO_Implmnt/sbt/Temp/sbt_temp.sdc
Output directory     - /home/tony/Projects/UFO/HW/Electronics/FW/UFO/UFO_Implmnt/sbt/outputs/placer
Timing library       - /home/tony/lscc/iCEcube2.2020.12/sbt_backend/devices/ice40HX8K.lib
Effort level         - std

I2050: Starting reading inputs for placer
=============================================================
I2100: Reading design library: /home/tony/Projects/UFO/HW/Electronics/FW/UFO/UFO_Implmnt/sbt/netlist/oadb-test/BFPGA_DESIGN_ep
I2065: Reading device file : /home/tony/lscc/iCEcube2.2020.12/sbt_backend/devices/ICE40P08.dev
I2051: Reading of inputs for placer completed successfully

I2053: Starting placement of the design
=============================================================

Input Design Statistics
    Number of LUTs      	:	31
    Number of DFFs      	:	24
    Number of DFFs packed to IO	:	0
    Number of Carrys    	:	22
    Number of RAMs      	:	0
    Number of ROMs      	:	0
    Number of IOs       	:	8
    Number of GBIOs     	:	1
    Number of GBs       	:	0
    Number of WarmBoot  	:	0
    Number of PLLs      	:	0


Phase 1
I2077: Start design legalization

Design Legalization Statistics
    Number of feedthru LUTs inserted to legalize input of DFFs     	:	0
    Number of feedthru LUTs inserted for LUTs driving multiple DFFs	:	0
    Number of LUTs replicated for LUTs driving multiple DFFs       	:	0
    Number of feedthru LUTs inserted to legalize output of CARRYs  	:	0
    Number of feedthru LUTs inserted to legalize global signals    	:	0
    Number of feedthru CARRYs inserted to legalize input of CARRYs 	:	0
    Number of inserted LUTs to Legalize IOs with PIN_TYPE= 01xxxx  	:	0
    Number of inserted LUTs to Legalize IOs with PIN_TYPE= 10xxxx  	:	0
    Number of inserted LUTs to Legalize IOs with PIN_TYPE= 11xxxx  	:	0
    Total LUTs inserted                                            	:	0
    Total CARRYs inserted                                          	:	0


I2078: Design legalization is completed successfully
I2088: Phase 1, elapsed time : 0.0 (sec)


Phase 2
I2088: Phase 2, elapsed time : 0.0 (sec)

Phase 3
SDC-Info-1101: Duty cycle not specified for clock. Assuming 50 percent dutycycle.

Design Statistics after Packing
    Number of LUTs      	:	31
    Number of DFFs      	:	24
    Number of DFFs packed to IO	:	0
    Number of Carrys    	:	22

Device Utilization Summary after Packing
    Sequential LogicCells
        LUT and DFF      	:	2
        LUT, DFF and CARRY	:	22
    Combinational LogicCells
        Only LUT         	:	7
        CARRY Only       	:	0
        LUT with CARRY   	:	0
    LogicCells                  :	31/7680
    PLBs                        :	5/960
    BRAMs                       :	0/32
    IOs and GBIOs               :	9/93
    PLLs                        :	0/2


I2088: Phase 3, elapsed time : 0.2 (sec)

Phase 4
I2088: Phase 4, elapsed time : 0.2 (sec)

Phase 5
I2088: Phase 5, elapsed time : 0.0 (sec)

Phase 6
I2088: Phase 6, elapsed time : 21.8 (sec)

Final Design Statistics
    Number of LUTs      	:	31
    Number of DFFs      	:	24
    Number of DFFs packed to IO	:	0
    Number of Carrys    	:	22
    Number of RAMs      	:	0
    Number of ROMs      	:	0
    Number of IOs       	:	8
    Number of GBIOs     	:	1
    Number of GBs       	:	0
    Number of WarmBoot  	:	0
    Number of PLLs      	:	0

Device Utilization Summary
    LogicCells                  :	31/7680
    PLBs                        :	5/960
    BRAMs                       :	0/32
    IOs and GBIOs               :	9/93
    PLLs                        :	0/2



#####################################################################
Placement Timing Summary

The timing summary is based on estimated routing delays after
placement. For final timing report, please carry out the timing
analysis after routing.
=====================================================================

#####################################################################
                     Clock Summary 
=====================================================================
Number of clocks: 2
Clock: clk | Frequency: 193.21 MHz | Target: 50.00 MHz
Clock: test|clk | Frequency: N/A | Target: 152.67 MHz

=====================================================================
                     End of Clock Summary
#####################################################################

I2054: Placement of design completed successfully

I2076: Placer run-time: 22.5 sec.

