
mpartrce -p "test_impl1.p2t" -f "test_impl1.p3t" -tf "test_impl1.pt" "test_impl1_map.ncd" "test_impl1.ncd"

---- MParTrce Tool ----
Removing old design directory at request of -rem command line option to this program.
Running par. Please wait . . .

Lattice Place and Route Report for Design "test_impl1_map.ncd"
Tue Jan 11 15:09:42 2022

PAR: Place And Route Diamond (64-bit) 3.12.0.240.2.
Command Line: par -w -l 5 -i 6 -t 1 -c 0 -e 0 -gui -msgset /home/tony/Lattice/promote.xml -exp parUseNBR=1:parCDP=0:parCDR=0:parPathBased=OFF:parASE=1 test_impl1_map.ncd test_impl1.dir/5_1.ncd test_impl1.prf
Preference file: test_impl1.prf.
Placement level-cost: 5-1.
Routing Iterations: 6

Loading design for application par from file test_impl1_map.ncd.
Design name: ufo
NCD version: 3.3
Vendor:      LATTICE
Device:      LCMXO3D-4300ZC
Package:     QFN72
Performance: 2
Loading device for application par from file 'se5c4300.nph' in environment: /usr/local/diamond/3.12/ispfpga.
Package Status:                     Final          Version 9.
Performance Hardware Data Status:   Final          Version 2.2.
License checked out.


Ignore Preference Error(s):  True
Exiting par with exit code 255
Exiting mpartrce with exit code 255
