
Copyright (C) 1994-2020 Synopsys, Inc.
This Synopsys software and all associated documentation are proprietary to Synopsys, Inc.
and may only be used pursuant to the terms and conditions of a written license agreement
with Synopsys, Inc. All other use, reproduction, modification, or distribution of the
Synopsys software or the associated documentation is strictly prohibited.
Tool: Synplify Pro (R)
Build: Q-2020.03L-SP1
Install: /usr/local/diamond/3.12/synpbase
OS: CentOS Linux 7 (Core)
Hostname: localhost.localdomain
max virtual memory: unlimited (bytes)
max user processes: 392608
max stack size: 8388608 (bytes)


Implementation : impl1
Synopsys HDL compiler and linker, Version comp202003synp2, Build 184R, Built Oct 30 2020 10:19:07, @1018816

Modified Files: 12
FID:  path (prevtimestamp, timestamp)
0        /home/tony/Lattice/ufo.vhd (N/A, 2022-01-18 14:46:08)
1        /usr/local/diamond/3.12/cae_library/synthesis/vhdl/machxo3d.vhd (N/A, 2018-11-15 08:34:51)
2        /usr/local/diamond/3.12/synpbase/lib/vhd/arith.vhd (N/A, 2020-10-30 17:45:17)
3        /usr/local/diamond/3.12/synpbase/lib/vhd/hyperents.vhd (N/A, 2020-10-30 17:45:19)
4        /usr/local/diamond/3.12/synpbase/lib/vhd/location.map (N/A, 2020-11-03 01:26:19)
5        /usr/local/diamond/3.12/synpbase/lib/vhd/numeric.vhd (N/A, 2020-10-30 17:45:20)
6        /usr/local/diamond/3.12/synpbase/lib/vhd/signed.vhd (N/A, 2020-10-30 17:45:23)
7        /usr/local/diamond/3.12/synpbase/lib/vhd/snps_haps_pkg.vhd (N/A, 2020-10-30 17:45:23)
8        /usr/local/diamond/3.12/synpbase/lib/vhd/std.vhd (N/A, 2020-10-30 17:45:22)
9        /usr/local/diamond/3.12/synpbase/lib/vhd/std1164.vhd (N/A, 2020-10-30 17:45:23)
10       /usr/local/diamond/3.12/synpbase/lib/vhd/umr_capim.vhd (N/A, 2020-10-30 17:45:23)
11       /usr/local/diamond/3.12/synpbase/lib/vhd/unsigned.vhd (N/A, 2020-10-30 17:45:23)

*******************************************************************
Modules that may have changed as a result of file changes: 1
MID:  lib.cell.view
0        work.ufo.behv may have changed because the following files changed:
                        /home/tony/Lattice/ufo.vhd (N/A, 2022-01-18 14:46:08) <-- (architecture and entity definition)

*******************************************************************
Unmodified files: 0
FID:  path (timestamp)

*******************************************************************
Unchanged modules: 0
MID:  lib.cell.view
