
Copyright (C) 1994-2020 Synopsys, Inc.
This Synopsys software and all associated documentation are proprietary to Synopsys, Inc.
and may only be used pursuant to the terms and conditions of a written license agreement
with Synopsys, Inc. All other use, reproduction, modification, or distribution of the
Synopsys software or the associated documentation is strictly prohibited.
Tool: Synplify Pro (R)
Build: Q-2020.03L-SP1
Install: /usr/local/diamond/3.12/synpbase
OS: CentOS Linux 7 (Core)
Hostname: localhost.localdomain
max virtual memory: unlimited (bytes)
max user processes: 392608
max stack size: 8388608 (bytes)


Implementation : impl1

# Written on Tue Jan 18 15:29:01 2022

##### FILES SYNTAX CHECKED ##############################################
Constraint File(s):      (none)

#Run constraint checker to find more issues with constraints.
#########################################################################



No issues found in constraint syntax.



Clock Summary
*************

          Start           Requested     Requested     Clock        Clock                     Clock
Level     Clock           Frequency     Period        Type         Group                     Load 
--------------------------------------------------------------------------------------------------
0 -       System          1.0 MHz       1000.000      system       system_clkgroup           1    
                                                                                                  
0 -       ufo|clk         260.7 MHz     3.836         inferred     Autoconstr_clkgroup_0     25   
                                                                                                  
0 -       ufo|trigger     1.0 MHz       1000.000      inferred     Autoconstr_clkgroup_1     2    
==================================================================================================


Clock Load Summary
******************

                Clock     Source            Clock Pin                 Non-clock Pin     Non-clock Pin
Clock           Load      Pin               Seq Example               Seq Example       Comb Example 
-----------------------------------------------------------------------------------------------------
System          1         -                 arm_toggle_s1.C           -                 -            
                                                                                                     
ufo|clk         25        clk(port)         pulse_timeout[15:0].C     -                 -            
                                                                                                     
ufo|trigger     2         trigger(port)     arm_toggle.C              -                 -            
=====================================================================================================
