
Copyright (C) 1994-2020 Synopsys, Inc.
This Synopsys software and all associated documentation are proprietary to Synopsys, Inc.
and may only be used pursuant to the terms and conditions of a written license agreement
with Synopsys, Inc. All other use, reproduction, modification, or distribution of the
Synopsys software or the associated documentation is strictly prohibited.
Tool: Synplify Pro (R)
Build: Q-2020.03L-SP1
Install: /usr/local/diamond/3.12/synpbase
OS: CentOS Linux 7 (Core)
Hostname: localhost.localdomain
max virtual memory: unlimited (bytes)
max user processes: 392608
max stack size: 8388608 (bytes)


Implementation : impl1

# Written on Tue Jan 18 15:29:02 2022

##### DESIGN INFO #######################################################

Top View:                "ufo"
Constraint File(s):      (none)




##### SUMMARY ############################################################

Found 0 issues in 0 out of 0 constraints


##### DETAILS ############################################################



Clock Relationships
*******************

Starting        Ending      |     rise to rise     |     fall to fall     |     rise to fall     |     fall to rise                     
---------------------------------------------------------------------------------------------------------------------------------------
ufo|clk         ufo|clk     |     3.836            |     No paths         |     No paths         |     No paths                         
ufo|trigger     System      |     No paths         |     No paths         |     1000.000         |     No paths                         
=======================================================================================================================================
 Note: 'No paths' indicates there are no paths in the design for that pair of clock edges.
       'Diff grp' indicates that paths exist but the starting clock and ending clock are in different clock groups.


Unconstrained Start/End Points
******************************

p:led0
p:led1
p:led2
p:led3
p:led4
p:led5
p:led6
p:led7


Inapplicable constraints
************************

(none)


Applicable constraints with issues
**********************************

(none)


Constraints with matching wildcard expressions
**********************************************

(none)


Library Report
**************


# End of Constraint Checker Report
