Running in Lattice mode

Starting:    /usr/local/diamond/3.12/synpbase/linux_a_64/mbin/synplify
Install:     /usr/local/diamond/3.12/synpbase
Hostname:    localhost.localdomain
Date:        Tue Jan 18 15:28:45 2022
Version:     Q-2020.03L-SP1

Arguments:   -product synplify_pro -tcl /home/tony/Lattice/UFO/impl1/launch_synplify.tcl
ProductType: synplify_pro





No project opened.
TCL script complete: "/home/tony/Lattice/UFO/impl1/launch_synplify.tcl"
log file: "/home/tony/Lattice/UFO/impl1/impl1.srr"
Running: impl1 in foreground

Running impl1_syn|impl1

Running Flow: compile (Compile) on impl1_syn|impl1
# Tue Jan 18 15:28:59 2022

Running Flow: compile_flow (Compile Process) on impl1_syn|impl1
# Tue Jan 18 15:28:59 2022

Running: compiler (Compile Input) on impl1_syn|impl1
# Tue Jan 18 15:28:59 2022
Copied /home/tony/Lattice/UFO/impl1/synwork/impl1_comp.srs to /home/tony/Lattice/UFO/impl1/impl1.srs

compiler completed
# Tue Jan 18 15:29:00 2022

Return Code: 0
Run Time:00h:00m:01s

Running: multi_srs_gen (Multi-srs Generator) on impl1_syn|impl1
# Tue Jan 18 15:29:00 2022

multi_srs_gen completed
# Tue Jan 18 15:29:01 2022

Return Code: 0
Run Time:00h:00m:01s
Copied /home/tony/Lattice/UFO/impl1/synwork/impl1_mult.srs to /home/tony/Lattice/UFO/impl1/impl1.srs
Complete: Compile Process on impl1_syn|impl1

Running: premap (Premap) on impl1_syn|impl1
# Tue Jan 18 15:29:01 2022

premap completed with warnings
# Tue Jan 18 15:29:02 2022

Return Code: 1
Run Time:00h:00m:01s
Complete: Compile on impl1_syn|impl1

Running Flow: map (Map) on impl1_syn|impl1
# Tue Jan 18 15:29:02 2022

Running: fpga_mapper (Map & Optimize) on impl1_syn|impl1
# Tue Jan 18 15:29:02 2022
Copied /home/tony/Lattice/UFO/impl1/synwork/impl1_m.srm to /home/tony/Lattice/UFO/impl1/impl1.srm

fpga_mapper completed with warnings
# Tue Jan 18 15:29:04 2022

Return Code: 1
Run Time:00h:00m:02s
Complete: Map on impl1_syn|impl1
Complete: Logic Synthesis on impl1_syn|impl1
0Loaded XDM (Hierarchy) data base - elapsed time 0:0 Blocks=1
@N Implementation '/home/tony/Lattice/UFO/impl1/impl1_syn.prj|impl1' design hierarchy loaded from database
exit status=0
